app/build/intermediates/manifest_merge_blame_file/debug/manifest-merger-blame-debug-report.txt
1<?xml version="1.0" encoding="utf-8"?>
2<manifest xmlns:android="http://schemas.android.com/apk/res/android"
3    package="com.ravinada.cryptocompare"
4    android:versionCode="1"
5    android:versionName="1.0" >
6
7    <uses-sdk
8        android:minSdkVersion="27"
8-->src\main\AndroidManifest.xml
9        android:targetSdkVersion="29" />
9-->src\main\AndroidManifest.xml
10
11    <uses-permission android:name="android.permission.INTERNET" />
11-->src\main\AndroidManifest.xml:6:5-67
11-->src\main\AndroidManifest.xml:6:22-64
12
13    <application
13-->src\main\AndroidManifest.xml:8:5-50:19
14        android:name="com.ravinada.cryptocompare.CryptoCompareApp"
14-->src\main\AndroidManifest.xml:9:9-41
15        android:allowBackup="true"
15-->src\main\AndroidManifest.xml:10:9-35
16        android:appComponentFactory="androidx.core.app.CoreComponentFactory"
16-->[androidx.core:core:1.1.0] AndroidManifest.xml:24:18-86
17        android:debuggable="true"
18        android:icon="@mipmap/ic_launcher"
18-->src\main\AndroidManifest.xml:11:9-43
19        android:label="@string/app_name"
19-->src\main\AndroidManifest.xml:12:9-41
20        android:roundIcon="@mipmap/ic_launcher_round"
20-->src\main\AndroidManifest.xml:13:9-54
21        android:supportsRtl="true"
21-->src\main\AndroidManifest.xml:14:9-35
22        android:testOnly="true"
23        android:theme="@style/AppTheme"
23-->src\main\AndroidManifest.xml:15:9-40
24        android:usesCleartextTraffic="true" >
24-->src\main\AndroidManifest.xml:16:9-44
25        <activity
25-->src\main\AndroidManifest.xml:18:9-20:46
26            android:name="com.ravinada.cryptocompare.DashboardActivity"
26-->src\main\AndroidManifest.xml:19:13-46
27            android:theme="@style/MyTheme" />
27-->src\main\AndroidManifest.xml:20:13-43
28        <activity
28-->src\main\AndroidManifest.xml:21:9-23:71
29            android:name="com.ravinada.cryptocompare.Main2Activity"
29-->src\main\AndroidManifest.xml:22:13-42
30            android:theme="@style/Theme.AppCompat.Light.NoActionBar" />
30-->src\main\AndroidManifest.xml:23:13-69
31        <activity
31-->src\main\AndroidManifest.xml:24:9-26:72
32            android:name="com.ravinada.cryptocompare.ForgotPasswordActivity"
32-->src\main\AndroidManifest.xml:25:13-51
33            android:theme="@style/Theme.AppCompat.Light.NoActionBar" />
33-->src\main\AndroidManifest.xml:26:13-69
34        <activity
34-->src\main\AndroidManifest.xml:27:9-35:20
35            android:name="com.ravinada.cryptocompare.SplashActivity"
35-->src\main\AndroidManifest.xml:28:13-43
36            android:theme="@style/Theme.AppCompat.Light.NoActionBar" >
36-->src\main\AndroidManifest.xml:29:13-69
37            <intent-filter>
37-->src\main\AndroidManifest.xml:30:13-34:29
38                <action android:name="android.intent.action.MAIN" />
38-->src\main\AndroidManifest.xml:31:17-69
38-->src\main\AndroidManifest.xml:31:25-66
39
40                <category android:name="android.intent.category.LAUNCHER" />
40-->src\main\AndroidManifest.xml:33:17-77
40-->src\main\AndroidManifest.xml:33:27-74
41            </intent-filter>
42        </activity>
43        <activity
43-->src\main\AndroidManifest.xml:36:9-38:72
44            android:name="com.ravinada.cryptocompare.LoginActivity"
44-->src\main\AndroidManifest.xml:37:13-42
45            android:theme="@style/Theme.AppCompat.Light.NoActionBar" />
45-->src\main\AndroidManifest.xml:38:13-69
46        <activity
46-->src\main\AndroidManifest.xml:39:9-41:72
47            android:name="com.ravinada.cryptocompare.SignupActivity"
47-->src\main\AndroidManifest.xml:40:13-43
48            android:theme="@style/Theme.AppCompat.Light.NoActionBar" />
48-->src\main\AndroidManifest.xml:41:13-69
49        <activity
49-->src\main\AndroidManifest.xml:42:9-44:71
50            android:name="com.ravinada.cryptocompare.NewsDetailsActivity"
50-->src\main\AndroidManifest.xml:43:13-48
51            android:theme="@style/Theme.AppCompat.Light.NoActionBar" />
51-->src\main\AndroidManifest.xml:44:13-69
52        <activity
52-->src\main\AndroidManifest.xml:45:9-46:55
53            android:name="com.ravinada.cryptocompare.CurrencySelector"
53-->src\main\AndroidManifest.xml:45:19-51
54            android:theme="@style/Theme.Transparent" />
54-->src\main\AndroidManifest.xml:46:13-53
55        <activity
55-->src\main\AndroidManifest.xml:47:9-48:71
56            android:name="com.ravinada.cryptocompare.CurrencyDetailActivity"
56-->src\main\AndroidManifest.xml:47:19-57
57            android:theme="@style/Theme.AppCompat.Light.NoActionBar" />
57-->src\main\AndroidManifest.xml:48:13-69
58
59        <service
59-->[androidx.room:room-runtime:2.2.0-rc01] AndroidManifest.xml:25:9-27:40
60            android:name="androidx.room.MultiInstanceInvalidationService"
60-->[androidx.room:room-runtime:2.2.0-rc01] AndroidManifest.xml:26:13-74
61            android:exported="false" />
61-->[androidx.room:room-runtime:2.2.0-rc01] AndroidManifest.xml:27:13-37
62
63        <provider
63-->[com.squareup.picasso:picasso:2.71828] AndroidManifest.xml:8:9-11:40
64            android:name="com.squareup.picasso.PicassoProvider"
64-->[com.squareup.picasso:picasso:2.71828] AndroidManifest.xml:9:13-64
65            android:authorities="com.ravinada.cryptocompare.com.squareup.picasso"
65-->[com.squareup.picasso:picasso:2.71828] AndroidManifest.xml:10:13-72
66            android:exported="false" />
66-->[com.squareup.picasso:picasso:2.71828] AndroidManifest.xml:11:13-37
67        <provider
67-->[androidx.lifecycle:lifecycle-process:2.1.0] AndroidManifest.xml:23:9-27:43
68            android:name="androidx.lifecycle.ProcessLifecycleOwnerInitializer"
68-->[androidx.lifecycle:lifecycle-process:2.1.0] AndroidManifest.xml:24:13-79
69            android:authorities="com.ravinada.cryptocompare.lifecycle-process"
69-->[androidx.lifecycle:lifecycle-process:2.1.0] AndroidManifest.xml:25:13-69
70            android:exported="false"
70-->[androidx.lifecycle:lifecycle-process:2.1.0] AndroidManifest.xml:26:13-37
71            android:multiprocess="true" />
71-->[androidx.lifecycle:lifecycle-process:2.1.0] AndroidManifest.xml:27:13-40
72    </application>
73
74</manifest>